[0.013s] Invoking command in '/home/nangao/my_project/ws/build/robot_description': CMAKE_PREFIX_PATH=${CMAKE_PREFIX_PATH}:/opt/ros/humble /usr/bin/cmake --build /home/nangao/my_project/ws/build/robot_description -- -j6 -l6
[0.029s] -- Found ament_cmake: 1.3.12 (/opt/ros/humble/share/ament_cmake/cmake)
[0.144s] -- Found ament_lint_auto: 0.12.14 (/opt/ros/humble/share/ament_lint_auto/cmake)
[0.194s] -- Added test 'flake8' to check Python code syntax and style conventions
[0.194s] -- Added test 'lint_cmake' to check CMake code style
[0.194s] -- Added test 'pep257' to check Python code against some of the docstring style conventions in PEP 257
[0.195s] -- Added test 'xmllint' to check XML markup files
[0.195s] -- Configuring done
[0.199s] -- Generating done
[0.199s] -- Build files have been written to: /home/nangao/my_project/ws/build/robot_description
[0.240s] Invoked command in '/home/nangao/my_project/ws/build/robot_description' returned '0': CMAKE_PREFIX_PATH=${CMAKE_PREFIX_PATH}:/opt/ros/humble /usr/bin/cmake --build /home/nangao/my_project/ws/build/robot_description -- -j6 -l6
[0.246s] Invoking command in '/home/nangao/my_project/ws/build/robot_description': CMAKE_PREFIX_PATH=${CMAKE_PREFIX_PATH}:/opt/ros/humble /usr/bin/cmake --install /home/nangao/my_project/ws/build/robot_description
[0.253s] -- Install configuration: ""
[0.253s] -- Up-to-date: /home/nangao/my_project/ws/install/robot_description/share/robot_description/launch
[0.253s] -- Up-to-date: /home/nangao/my_project/ws/install/robot_description/share/robot_description/launch/display_robot.launch.py
[0.253s] -- Up-to-date: /home/nangao/my_project/ws/install/robot_description/share/robot_description/launch/__pycache__
[0.253s] -- Up-to-date: /home/nangao/my_project/ws/install/robot_description/share/robot_description/launch/__pycache__/display_robot.launch.cpython-312.pyc
[0.253s] -- Up-to-date: /home/nangao/my_project/ws/install/robot_description/share/robot_description/launch/gazebo_sim.launch.py
[0.253s] -- Up-to-date: /home/nangao/my_project/ws/install/robot_description/share/robot_description/urdf
[0.253s] -- Up-to-date: /home/nangao/my_project/ws/install/robot_description/share/robot_description/urdf/actuator
[0.253s] -- Up-to-date: /home/nangao/my_project/ws/install/robot_description/share/robot_description/urdf/actuator/caster.urdf.xacro
[0.253s] -- Up-to-date: /home/nangao/my_project/ws/install/robot_description/share/robot_description/urdf/actuator/wheel.urdf.xacro
[0.253s] -- Up-to-date: /home/nangao/my_project/ws/install/robot_description/share/robot_description/urdf/base.urdf.xacro
[0.253s] -- Up-to-date: /home/nangao/my_project/ws/install/robot_description/share/robot_description/urdf/sensor
[0.253s] -- Up-to-date: /home/nangao/my_project/ws/install/robot_description/share/robot_description/urdf/sensor/imu.urdf.xacro
[0.253s] -- Up-to-date: /home/nangao/my_project/ws/install/robot_description/share/robot_description/urdf/sensor/laser.urdf.xacro
[0.253s] -- Up-to-date: /home/nangao/my_project/ws/install/robot_description/share/robot_description/urdf/mybot.urdf.xacro
[0.253s] -- Up-to-date: /home/nangao/my_project/ws/install/robot_description/share/robot_description/urdf/common_inertial.xacro
[0.253s] -- Up-to-date: /home/nangao/my_project/ws/install/robot_description/share/robot_description/config
[0.253s] -- Up-to-date: /home/nangao/my_project/ws/install/robot_description/share/robot_description/config/display_robot_model.rviz
[0.253s] -- Installing: /home/nangao/my_project/ws/install/robot_description/share/robot_description/world
[0.253s] -- Installing: /home/nangao/my_project/ws/install/robot_description/share/robot_description/world/custom_room.world
[0.256s] -- Installing: /home/nangao/my_project/ws/install/robot_description/share/robot_description/world/room
[0.256s] -- Installing: /home/nangao/my_project/ws/install/robot_description/share/robot_description/world/room/model.sdf
[0.256s] -- Installing: /home/nangao/my_project/ws/install/robot_description/share/robot_description/world/room/model.config
[0.256s] -- Up-to-date: /home/nangao/my_project/ws/install/robot_description/share/ament_index/resource_index/package_run_dependencies/robot_description
[0.256s] -- Up-to-date: /home/nangao/my_project/ws/install/robot_description/share/ament_index/resource_index/parent_prefix_path/robot_description
[0.256s] -- Up-to-date: /home/nangao/my_project/ws/install/robot_description/share/robot_description/environment/ament_prefix_path.sh
[0.257s] -- Installing: /home/nangao/my_project/ws/install/robot_description/share/robot_description/environment/ament_prefix_path.dsv
[0.257s] -- Up-to-date: /home/nangao/my_project/ws/install/robot_description/share/robot_description/environment/path.sh
[0.257s] -- Installing: /home/nangao/my_project/ws/install/robot_description/share/robot_description/environment/path.dsv
[0.257s] -- Up-to-date: /home/nangao/my_project/ws/install/robot_description/share/robot_description/local_setup.bash
[0.257s] -- Up-to-date: /home/nangao/my_project/ws/install/robot_description/share/robot_description/local_setup.sh
[0.257s] -- Up-to-date: /home/nangao/my_project/ws/install/robot_description/share/robot_description/local_setup.zsh
[0.257s] -- Installing: /home/nangao/my_project/ws/install/robot_description/share/robot_description/local_setup.dsv
[0.257s] -- Installing: /home/nangao/my_project/ws/install/robot_description/share/robot_description/package.dsv
[0.257s] -- Up-to-date: /home/nangao/my_project/ws/install/robot_description/share/ament_index/resource_index/packages/robot_description
[0.257s] -- Up-to-date: /home/nangao/my_project/ws/install/robot_description/share/robot_description/cmake/robot_descriptionConfig.cmake
[0.257s] -- Up-to-date: /home/nangao/my_project/ws/install/robot_description/share/robot_description/cmake/robot_descriptionConfig-version.cmake
[0.257s] -- Up-to-date: /home/nangao/my_project/ws/install/robot_description/share/robot_description/package.xml
[0.261s] Invoked command in '/home/nangao/my_project/ws/build/robot_description' returned '0': CMAKE_PREFIX_PATH=${CMAKE_PREFIX_PATH}:/opt/ros/humble /usr/bin/cmake --install /home/nangao/my_project/ws/build/robot_description
