[0.025s] Invoking command in '/home/nangao/my_project/ws/build/robot_navigation2': CMAKE_PREFIX_PATH=/opt/ros/humble /usr/bin/cmake --build /home/nangao/my_project/ws/build/robot_navigation2 -- -j8 -l8
[0.035s] -- Found ament_cmake: 1.3.12 (/opt/ros/humble/share/ament_cmake/cmake)
[0.181s] -- Configuring done
[0.183s] -- Generating done
[0.184s] -- Build files have been written to: /home/nangao/my_project/ws/build/robot_navigation2
[0.205s] Invoked command in '/home/nangao/my_project/ws/build/robot_navigation2' returned '0': CMAKE_PREFIX_PATH=/opt/ros/humble /usr/bin/cmake --build /home/nangao/my_project/ws/build/robot_navigation2 -- -j8 -l8
[0.212s] Invoking command in '/home/nangao/my_project/ws/build/robot_navigation2': CMAKE_PREFIX_PATH=/opt/ros/humble /usr/bin/cmake --install /home/nangao/my_project/ws/build/robot_navigation2
[0.218s] -- Install configuration: ""
[0.218s] -- Up-to-date: /home/nangao/my_project/ws/install/robot_navigation2/lib/robot_navigation2/explore.py
[0.218s] -- Installing: /home/nangao/my_project/ws/install/robot_navigation2/share/ament_index/resource_index/package_run_dependencies/robot_navigation2
[0.218s] -- Installing: /home/nangao/my_project/ws/install/robot_navigation2/share/ament_index/resource_index/parent_prefix_path/robot_navigation2
[0.219s] -- Installing: /home/nangao/my_project/ws/install/robot_navigation2/share/robot_navigation2/environment/ament_prefix_path.sh
[0.219s] -- Installing: /home/nangao/my_project/ws/install/robot_navigation2/share/robot_navigation2/environment/ament_prefix_path.dsv
[0.219s] -- Installing: /home/nangao/my_project/ws/install/robot_navigation2/share/robot_navigation2/environment/path.sh
[0.219s] -- Installing: /home/nangao/my_project/ws/install/robot_navigation2/share/robot_navigation2/environment/path.dsv
[0.219s] -- Installing: /home/nangao/my_project/ws/install/robot_navigation2/share/robot_navigation2/local_setup.bash
[0.219s] -- Installing: /home/nangao/my_project/ws/install/robot_navigation2/share/robot_navigation2/local_setup.sh
[0.219s] -- Installing: /home/nangao/my_project/ws/install/robot_navigation2/share/robot_navigation2/local_setup.zsh
[0.219s] -- Installing: /home/nangao/my_project/ws/install/robot_navigation2/share/robot_navigation2/local_setup.dsv
[0.219s] -- Installing: /home/nangao/my_project/ws/install/robot_navigation2/share/robot_navigation2/package.dsv
[0.220s] -- Installing: /home/nangao/my_project/ws/install/robot_navigation2/share/ament_index/resource_index/packages/robot_navigation2
[0.221s] -- Installing: /home/nangao/my_project/ws/install/robot_navigation2/share/robot_navigation2/cmake/robot_navigation2Config.cmake
[0.221s] -- Installing: /home/nangao/my_project/ws/install/robot_navigation2/share/robot_navigation2/cmake/robot_navigation2Config-version.cmake
[0.222s] -- Installing: /home/nangao/my_project/ws/install/robot_navigation2/share/robot_navigation2/package.xml
[0.223s] Invoked command in '/home/nangao/my_project/ws/build/robot_navigation2' returned '0': CMAKE_PREFIX_PATH=/opt/ros/humble /usr/bin/cmake --install /home/nangao/my_project/ws/build/robot_navigation2
