[0.021s] Invoking command in '/home/nangao/my_project/ws/build/robot_navigation2': CMAKE_PREFIX_PATH=/opt/ros/humble /usr/bin/cmake /home/nangao/my_project/ws/src/robot_navigation2 -DCMAKE_INSTALL_PREFIX=/home/nangao/my_project/ws/install/robot_navigation2
[0.228s] -- The C compiler identification is GNU 11.4.0
[0.381s] -- The CXX compiler identification is GNU 11.4.0
[0.392s] -- Detecting C compiler ABI info
[0.486s] -- Detecting C compiler ABI info - done
[0.490s] -- Check for working C compiler: /usr/bin/cc - skipped
[0.490s] -- Detecting C compile features
[0.491s] -- Detecting C compile features - done
[0.494s] -- Detecting CXX compiler ABI info
[0.570s] -- Detecting CXX compiler ABI info - done
[0.574s] -- Check for working CXX compiler: /usr/bin/c++ - skipped
[0.574s] -- Detecting CXX compile features
[0.574s] -- Detecting CXX compile features - done
[0.581s] -- Found ament_cmake: 1.3.12 (/opt/ros/humble/share/ament_cmake/cmake)
[0.738s] -- Found Python3: /usr/bin/python3 (found version "3.10.12") found components: Interpreter 
[0.893s] -- Configuring done
[0.896s] -- Generating done
[0.900s] -- Build files have been written to: /home/nangao/my_project/ws/build/robot_navigation2
[0.905s] Invoked command in '/home/nangao/my_project/ws/build/robot_navigation2' returned '0': CMAKE_PREFIX_PATH=/opt/ros/humble /usr/bin/cmake /home/nangao/my_project/ws/src/robot_navigation2 -DCMAKE_INSTALL_PREFIX=/home/nangao/my_project/ws/install/robot_navigation2
[0.910s] Invoking command in '/home/nangao/my_project/ws/build/robot_navigation2': CMAKE_PREFIX_PATH=/opt/ros/humble /usr/bin/cmake --build /home/nangao/my_project/ws/build/robot_navigation2 -- -j8 -l8
[0.953s] Invoked command in '/home/nangao/my_project/ws/build/robot_navigation2' returned '0': CMAKE_PREFIX_PATH=/opt/ros/humble /usr/bin/cmake --build /home/nangao/my_project/ws/build/robot_navigation2 -- -j8 -l8
[0.957s] Invoking command in '/home/nangao/my_project/ws/build/robot_navigation2': CMAKE_PREFIX_PATH=/opt/ros/humble /usr/bin/cmake --install /home/nangao/my_project/ws/build/robot_navigation2
[0.963s] -- Install configuration: ""
[0.963s] [31mCMake Error at cmake_install.cmake:46 (file):
[0.963s]   file INSTALL cannot find
[0.963s]   "/home/nangao/my_project/ws/src/robot_navigation2/src/navigation.py": No
[0.963s]   such file or directory.
[0.963s] 
[0.964s] [0m
[0.965s] Invoked command in '/home/nangao/my_project/ws/build/robot_navigation2' returned '1': CMAKE_PREFIX_PATH=/opt/ros/humble /usr/bin/cmake --install /home/nangao/my_project/ws/build/robot_navigation2
