[0.015s] Invoking command in '/home/nangao/my_project/ws/build/robot_description': CMAKE_PREFIX_PATH=${CMAKE_PREFIX_PATH}:/opt/ros/humble /usr/bin/cmake /home/nangao/my_project/ws/src/robot_description -DCMAKE_INSTALL_PREFIX=/home/nangao/my_project/ws/install/robot_description
[0.078s] -- The C compiler identification is GNU 11.4.0
[0.122s] -- The CXX compiler identification is GNU 11.4.0
[0.127s] -- Detecting C compiler ABI info
[0.194s] -- Detecting C compiler ABI info - done
[0.199s] -- Check for working C compiler: /usr/bin/cc - skipped
[0.199s] -- Detecting C compile features
[0.199s] -- Detecting C compile features - done
[0.201s] -- Detecting CXX compiler ABI info
[0.276s] -- Detecting CXX compiler ABI info - done
[0.280s] -- Check for working CXX compiler: /usr/bin/c++ - skipped
[0.280s] -- Detecting CXX compile features
[0.281s] -- Detecting CXX compile features - done
[0.282s] -- Found ament_cmake: 1.3.12 (/opt/ros/humble/share/ament_cmake/cmake)
[0.388s] -- Found Python3: /usr/bin/python3 (found version "3.10.12") found components: Interpreter 
[0.445s] -- Found ament_lint_auto: 0.12.14 (/opt/ros/humble/share/ament_lint_auto/cmake)
[0.501s] -- Added test 'flake8' to check Python code syntax and style conventions
[0.502s] -- Added test 'lint_cmake' to check CMake code style
[0.502s] -- Added test 'pep257' to check Python code against some of the docstring style conventions in PEP 257
[0.504s] -- Added test 'xmllint' to check XML markup files
[0.504s] -- Configuring done
[0.506s] -- Generating done
[0.507s] -- Build files have been written to: /home/nangao/my_project/ws/build/robot_description
[0.516s] Invoked command in '/home/nangao/my_project/ws/build/robot_description' returned '0': CMAKE_PREFIX_PATH=${CMAKE_PREFIX_PATH}:/opt/ros/humble /usr/bin/cmake /home/nangao/my_project/ws/src/robot_description -DCMAKE_INSTALL_PREFIX=/home/nangao/my_project/ws/install/robot_description
[0.516s] Invoking command in '/home/nangao/my_project/ws/build/robot_description': CMAKE_PREFIX_PATH=${CMAKE_PREFIX_PATH}:/opt/ros/humble /usr/bin/cmake --build /home/nangao/my_project/ws/build/robot_description -- -j6 -l6
[0.553s] Invoked command in '/home/nangao/my_project/ws/build/robot_description' returned '0': CMAKE_PREFIX_PATH=${CMAKE_PREFIX_PATH}:/opt/ros/humble /usr/bin/cmake --build /home/nangao/my_project/ws/build/robot_description -- -j6 -l6
[0.560s] Invoking command in '/home/nangao/my_project/ws/build/robot_description': CMAKE_PREFIX_PATH=${CMAKE_PREFIX_PATH}:/opt/ros/humble /usr/bin/cmake --install /home/nangao/my_project/ws/build/robot_description
[0.567s] -- Install configuration: ""
[0.567s] -- Installing: /home/nangao/my_project/ws/install/robot_description/share/robot_description/launch
[0.567s] -- Installing: /home/nangao/my_project/ws/install/robot_description/share/robot_description/launch/display_robot.launch.py
[0.568s] -- Installing: /home/nangao/my_project/ws/install/robot_description/share/robot_description/launch/__pycache__
[0.568s] -- Installing: /home/nangao/my_project/ws/install/robot_description/share/robot_description/launch/__pycache__/display_robot.launch.cpython-312.pyc
[0.569s] -- Installing: /home/nangao/my_project/ws/install/robot_description/share/robot_description/launch/gazebo_sim.launch.py
[0.569s] -- Installing: /home/nangao/my_project/ws/install/robot_description/share/robot_description/urdf
[0.569s] -- Installing: /home/nangao/my_project/ws/install/robot_description/share/robot_description/urdf/actuator
[0.569s] -- Installing: /home/nangao/my_project/ws/install/robot_description/share/robot_description/urdf/actuator/caster.urdf.xacro
[0.569s] -- Installing: /home/nangao/my_project/ws/install/robot_description/share/robot_description/urdf/actuator/wheel.urdf.xacro
[0.569s] -- Installing: /home/nangao/my_project/ws/install/robot_description/share/robot_description/urdf/base.urdf.xacro
[0.569s] -- Installing: /home/nangao/my_project/ws/install/robot_description/share/robot_description/urdf/sensor
[0.569s] -- Installing: /home/nangao/my_project/ws/install/robot_description/share/robot_description/urdf/sensor/imu.urdf.xacro
[0.569s] -- Installing: /home/nangao/my_project/ws/install/robot_description/share/robot_description/urdf/sensor/laser.urdf.xacro
[0.569s] -- Installing: /home/nangao/my_project/ws/install/robot_description/share/robot_description/urdf/mybot.urdf.xacro
[0.569s] -- Installing: /home/nangao/my_project/ws/install/robot_description/share/robot_description/urdf/common_inertial.xacro
[0.570s] -- Installing: /home/nangao/my_project/ws/install/robot_description/share/robot_description/config
[0.570s] -- Installing: /home/nangao/my_project/ws/install/robot_description/share/robot_description/config/display_robot_model.rviz
[0.570s] -- Installing: /home/nangao/my_project/ws/install/robot_description/share/ament_index/resource_index/package_run_dependencies/robot_description
[0.570s] -- Installing: /home/nangao/my_project/ws/install/robot_description/share/ament_index/resource_index/parent_prefix_path/robot_description
[0.570s] -- Installing: /home/nangao/my_project/ws/install/robot_description/share/robot_description/environment/ament_prefix_path.sh
[0.570s] -- Installing: /home/nangao/my_project/ws/install/robot_description/share/robot_description/environment/ament_prefix_path.dsv
[0.570s] -- Installing: /home/nangao/my_project/ws/install/robot_description/share/robot_description/environment/path.sh
[0.570s] -- Installing: /home/nangao/my_project/ws/install/robot_description/share/robot_description/environment/path.dsv
[0.570s] -- Installing: /home/nangao/my_project/ws/install/robot_description/share/robot_description/local_setup.bash
[0.571s] -- Installing: /home/nangao/my_project/ws/install/robot_description/share/robot_description/local_setup.sh
[0.571s] -- Installing: /home/nangao/my_project/ws/install/robot_description/share/robot_description/local_setup.zsh
[0.571s] -- Installing: /home/nangao/my_project/ws/install/robot_description/share/robot_description/local_setup.dsv
[0.572s] -- Installing: /home/nangao/my_project/ws/install/robot_description/share/robot_description/package.dsv
[0.572s] -- Installing: /home/nangao/my_project/ws/install/robot_description/share/ament_index/resource_index/packages/robot_description
[0.572s] -- Installing: /home/nangao/my_project/ws/install/robot_description/share/robot_description/cmake/robot_descriptionConfig.cmake
[0.572s] -- Installing: /home/nangao/my_project/ws/install/robot_description/share/robot_description/cmake/robot_descriptionConfig-version.cmake
[0.572s] -- Installing: /home/nangao/my_project/ws/install/robot_description/share/robot_description/package.xml
[0.574s] Invoked command in '/home/nangao/my_project/ws/build/robot_description' returned '0': CMAKE_PREFIX_PATH=${CMAKE_PREFIX_PATH}:/opt/ros/humble /usr/bin/cmake --install /home/nangao/my_project/ws/build/robot_description
